{"C:\\Users\\HP\\Desktop\\Traning\\training-materials\\src\\app\\api\\auth\\[...nextauth]\\route.ts": {"path":"C:\\Users\\HP\\Desktop\\Traning\\training-materials\\src\\app\\api\\auth\\[...nextauth]\\route.ts","statementMap":{"0":{"start":{"line":7,"column":44},"end":{"line":77,"column":null}},"1":{"start":{"line":16,"column":8},"end":{"line":17,"column":null}},"2":{"start":{"line":17,"column":10},"end":{"line":17,"column":null}},"3":{"start":{"line":19,"column":21},"end":{"line":21,"column":null}},"4":{"start":{"line":23,"column":8},"end":{"line":23,"column":null}},"5":{"start":{"line":23,"column":19},"end":{"line":23,"column":null}},"6":{"start":{"line":25,"column":24},"end":{"line":25,"column":null}},"7":{"start":{"line":26,"column":8},"end":{"line":26,"column":null}},"8":{"start":{"line":26,"column":22},"end":{"line":26,"column":null}},"9":{"start":{"line":28,"column":8},"end":{"line":33,"column":null}},"10":{"start":{"line":49,"column":6},"end":{"line":54,"column":null}},"11":{"start":{"line":60,"column":6},"end":{"line":65,"column":null}},"12":{"start":{"line":61,"column":8},"end":{"line":61,"column":null}},"13":{"start":{"line":62,"column":8},"end":{"line":62,"column":null}},"14":{"start":{"line":63,"column":8},"end":{"line":63,"column":null}},"15":{"start":{"line":64,"column":8},"end":{"line":64,"column":null}},"16":{"start":{"line":66,"column":6},"end":{"line":66,"column":null}},"17":{"start":{"line":70,"column":6},"end":{"line":70,"column":null}},"18":{"start":{"line":71,"column":6},"end":{"line":71,"column":null}},"19":{"start":{"line":72,"column":6},"end":{"line":72,"column":null}},"20":{"start":{"line":73,"column":6},"end":{"line":73,"column":null}},"21":{"start":{"line":74,"column":6},"end":{"line":74,"column":null}},"22":{"start":{"line":79,"column":6},"end":{"line":79,"column":null}}},"fnMap":{"0":{"name":"(anonymous_0)","decl":{"start":{"line":15,"column":12},"end":{"line":15,"column":22}},"loc":{"start":{"line":15,"column":35},"end":{"line":34,"column":null}},"line":15},"1":{"name":"(anonymous_1)","decl":{"start":{"line":48,"column":10},"end":{"line":48,"column":17}},"loc":{"start":{"line":48,"column":27},"end":{"line":55,"column":null}},"line":48},"2":{"name":"(anonymous_2)","decl":{"start":{"line":59,"column":10},"end":{"line":59,"column":14}},"loc":{"start":{"line":59,"column":31},"end":{"line":67,"column":null}},"line":59},"3":{"name":"(anonymous_3)","decl":{"start":{"line":69,"column":10},"end":{"line":69,"column":18}},"loc":{"start":{"line":69,"column":38},"end":{"line":75,"column":null}},"line":69}},"branchMap":{"0":{"loc":{"start":{"line":16,"column":8},"end":{"line":17,"column":null}},"type":"if","locations":[{"start":{"line":16,"column":8},"end":{"line":17,"column":null}},{"start":{},"end":{}}],"line":16},"1":{"loc":{"start":{"line":16,"column":12},"end":{"line":16,"column":null}},"type":"binary-expr","locations":[{"start":{"line":16,"column":12},"end":{"line":16,"column":35}},{"start":{"line":16,"column":35},"end":{"line":16,"column":null}}],"line":16},"2":{"loc":{"start":{"line":23,"column":8},"end":{"line":23,"column":null}},"type":"if","locations":[{"start":{"line":23,"column":8},"end":{"line":23,"column":null}},{"start":{},"end":{}}],"line":23},"3":{"loc":{"start":{"line":26,"column":8},"end":{"line":26,"column":null}},"type":"if","locations":[{"start":{"line":26,"column":8},"end":{"line":26,"column":null}},{"start":{},"end":{}}],"line":26},"4":{"loc":{"start":{"line":60,"column":6},"end":{"line":65,"column":null}},"type":"if","locations":[{"start":{"line":60,"column":6},"end":{"line":65,"column":null}},{"start":{},"end":{}}],"line":60}},"s":{"0":2,"1":0,"2":0,"3":0,"4":0,"5":0,"6":0,"7":0,"8":0,"9":0,"10":0,"11":0,"12":0,"13":0,"14":0,"15":0,"16":0,"17":0,"18":0,"19":0,"20":0,"21":0,"22":2},"f":{"0":0,"1":0,"2":0,"3":0},"b":{"0":[0,0],"1":[0,0],"2":[0,0],"3":[0,0],"4":[0,0]},"meta":{"lastBranch":5,"lastFunction":4,"lastStatement":23,"seen":{"s:7:44:77:Infinity":0,"f:15:12:15:22":0,"b:16:8:17:Infinity:undefined:undefined:undefined:undefined":0,"s:16:8:17:Infinity":1,"b:16:12:16:35:16:35:16:Infinity":1,"s:17:10:17:Infinity":2,"s:19:21:21:Infinity":3,"b:23:8:23:Infinity:undefined:undefined:undefined:undefined":2,"s:23:8:23:Infinity":4,"s:23:19:23:Infinity":5,"s:25:24:25:Infinity":6,"b:26:8:26:Infinity:undefined:undefined:undefined:undefined":3,"s:26:8:26:Infinity":7,"s:26:22:26:Infinity":8,"s:28:8:33:Infinity":9,"f:48:10:48:17":1,"s:49:6:54:Infinity":10,"f:59:10:59:14":2,"b:60:6:65:Infinity:undefined:undefined:undefined:undefined":4,"s:60:6:65:Infinity":11,"s:61:8:61:Infinity":12,"s:62:8:62:Infinity":13,"s:63:8:63:Infinity":14,"s:64:8:64:Infinity":15,"s:66:6:66:Infinity":16,"f:69:10:69:18":3,"s:70:6:70:Infinity":17,"s:71:6:71:Infinity":18,"s:72:6:72:Infinity":19,"s:73:6:73:Infinity":20,"s:74:6:74:Infinity":21,"s:79:6:79:Infinity":22}}}
,"C:\\Users\\HP\\Desktop\\Traning\\training-materials\\src\\app\\api\\tasks\\route.ts": {"path":"C:\\Users\\HP\\Desktop\\Traning\\training-materials\\src\\app\\api\\tasks\\route.ts","statementMap":{"0":{"start":{"line":10,"column":25},"end":{"line":15,"column":null}},"1":{"start":{"line":18,"column":2},"end":{"line":78,"column":null}},"2":{"start":{"line":19,"column":20},"end":{"line":19,"column":null}},"3":{"start":{"line":20,"column":4},"end":{"line":22,"column":null}},"4":{"start":{"line":21,"column":6},"end":{"line":21,"column":null}},"5":{"start":{"line":24,"column":29},"end":{"line":24,"column":null}},"6":{"start":{"line":26,"column":17},"end":{"line":26,"column":null}},"7":{"start":{"line":27,"column":19},"end":{"line":27,"column":null}},"8":{"start":{"line":28,"column":17},"end":{"line":28,"column":null}},"9":{"start":{"line":29,"column":18},"end":{"line":29,"column":null}},"10":{"start":{"line":30,"column":10},"end":{"line":30,"column":null}},"11":{"start":{"line":32,"column":23},"end":{"line":32,"column":null}},"12":{"start":{"line":34,"column":4},"end":{"line":43,"column":null}},"13":{"start":{"line":35,"column":6},"end":{"line":42,"column":null}},"14":{"start":{"line":45,"column":4},"end":{"line":50,"column":null}},"15":{"start":{"line":46,"column":6},"end":{"line":49,"column":null}},"16":{"start":{"line":52,"column":18},"end":{"line":60,"column":null}},"17":{"start":{"line":62,"column":18},"end":{"line":62,"column":null}},"18":{"start":{"line":64,"column":4},"end":{"line":73,"column":null}},"19":{"start":{"line":76,"column":4},"end":{"line":76,"column":null}},"20":{"start":{"line":77,"column":4},"end":{"line":77,"column":null}},"21":{"start":{"line":83,"column":2},"end":{"line":139,"column":null}},"22":{"start":{"line":84,"column":20},"end":{"line":84,"column":null}},"23":{"start":{"line":86,"column":4},"end":{"line":88,"column":null}},"24":{"start":{"line":87,"column":6},"end":{"line":87,"column":null}},"25":{"start":{"line":90,"column":17},"end":{"line":90,"column":null}},"26":{"start":{"line":91,"column":19},"end":{"line":91,"column":null}},"27":{"start":{"line":93,"column":4},"end":{"line":98,"column":null}},"28":{"start":{"line":94,"column":6},"end":{"line":97,"column":null}},"29":{"start":{"line":100,"column":19},"end":{"line":100,"column":null}},"30":{"start":{"line":102,"column":17},"end":{"line":113,"column":null}},"31":{"start":{"line":115,"column":26},"end":{"line":115,"column":null}},"32":{"start":{"line":117,"column":3},"end":{"line":129,"column":null}},"33":{"start":{"line":132,"column":4},"end":{"line":132,"column":null}},"34":{"start":{"line":134,"column":4},"end":{"line":134,"column":null}},"35":{"start":{"line":137,"column":4},"end":{"line":137,"column":null}},"36":{"start":{"line":138,"column":4},"end":{"line":138,"column":null}}},"fnMap":{"0":{"name":"GET","decl":{"start":{"line":17,"column":22},"end":{"line":17,"column":26}},"loc":{"start":{"line":17,"column":44},"end":{"line":79,"column":null}},"line":17},"1":{"name":"POST","decl":{"start":{"line":82,"column":22},"end":{"line":82,"column":27}},"loc":{"start":{"line":82,"column":45},"end":{"line":140,"column":null}},"line":82}},"branchMap":{"0":{"loc":{"start":{"line":20,"column":4},"end":{"line":22,"column":null}},"type":"if","locations":[{"start":{"line":20,"column":4},"end":{"line":22,"column":null}},{"start":{},"end":{}}],"line":20},"1":{"loc":{"start":{"line":27,"column":19},"end":{"line":27,"column":null}},"type":"binary-expr","locations":[{"start":{"line":27,"column":19},"end":{"line":27,"column":49}},{"start":{"line":27,"column":49},"end":{"line":27,"column":null}}],"line":27},"2":{"loc":{"start":{"line":28,"column":17},"end":{"line":28,"column":null}},"type":"binary-expr","locations":[{"start":{"line":28,"column":17},"end":{"line":28,"column":53}},{"start":{"line":28,"column":53},"end":{"line":28,"column":null}}],"line":28},"3":{"loc":{"start":{"line":29,"column":18},"end":{"line":29,"column":null}},"type":"binary-expr","locations":[{"start":{"line":29,"column":18},"end":{"line":29,"column":55}},{"start":{"line":29,"column":55},"end":{"line":29,"column":null}}],"line":29},"4":{"loc":{"start":{"line":34,"column":4},"end":{"line":43,"column":null}},"type":"if","locations":[{"start":{"line":34,"column":4},"end":{"line":43,"column":null}},{"start":{},"end":{}}],"line":34},"5":{"loc":{"start":{"line":45,"column":4},"end":{"line":50,"column":null}},"type":"if","locations":[{"start":{"line":45,"column":4},"end":{"line":50,"column":null}},{"start":{},"end":{}}],"line":45},"6":{"loc":{"start":{"line":45,"column":8},"end":{"line":45,"column":32}},"type":"binary-expr","locations":[{"start":{"line":45,"column":8},"end":{"line":45,"column":16}},{"start":{"line":45,"column":16},"end":{"line":45,"column":32}}],"line":45},"7":{"loc":{"start":{"line":86,"column":4},"end":{"line":88,"column":null}},"type":"if","locations":[{"start":{"line":86,"column":4},"end":{"line":88,"column":null}},{"start":{},"end":{}}],"line":86},"8":{"loc":{"start":{"line":93,"column":4},"end":{"line":98,"column":null}},"type":"if","locations":[{"start":{"line":93,"column":4},"end":{"line":98,"column":null}},{"start":{},"end":{}}],"line":93},"9":{"loc":{"start":{"line":107,"column":17},"end":{"line":107,"column":null}},"type":"cond-expr","locations":[{"start":{"line":107,"column":39},"end":{"line":107,"column":71}},{"start":{"line":107,"column":71},"end":{"line":107,"column":null}}],"line":107}},"s":{"0":2,"1":2,"2":2,"3":2,"4":1,"5":1,"6":1,"7":1,"8":2,"9":2,"10":2,"11":2,"12":2,"13":0,"14":1,"15":0,"16":1,"17":1,"18":1,"19":0,"20":0,"21":1,"22":1,"23":1,"24":0,"25":1,"26":1,"27":1,"28":0,"29":1,"30":1,"31":1,"32":1,"33":1,"34":1,"35":0,"36":0},"f":{"0":2,"1":1},"b":{"0":[1,1],"1":[1,1],"2":[2,0],"3":[2,0],"4":[0,2],"5":[0,1],"6":[1,1],"7":[0,1],"8":[0,1],"9":[0,1]},"meta":{"lastBranch":10,"lastFunction":2,"lastStatement":37,"seen":{"s:10:25:15:Infinity":0,"f:17:22:17:26":0,"s:18:2:78:Infinity":1,"s:19:20:19:Infinity":2,"b:20:4:22:Infinity:undefined:undefined:undefined:undefined":0,"s:20:4:22:Infinity":3,"s:21:6:21:Infinity":4,"s:24:29:24:Infinity":5,"s:26:17:26:Infinity":6,"s:27:19:27:Infinity":7,"b:27:19:27:49:27:49:27:Infinity":1,"s:28:17:28:Infinity":8,"b:28:17:28:53:28:53:28:Infinity":2,"s:29:18:29:Infinity":9,"b:29:18:29:55:29:55:29:Infinity":3,"s:30:10:30:Infinity":10,"s:32:23:32:Infinity":11,"b:34:4:43:Infinity:undefined:undefined:undefined:undefined":4,"s:34:4:43:Infinity":12,"s:35:6:42:Infinity":13,"b:45:4:50:Infinity:undefined:undefined:undefined:undefined":5,"s:45:4:50:Infinity":14,"b:45:8:45:16:45:16:45:32":6,"s:46:6:49:Infinity":15,"s:52:18:60:Infinity":16,"s:62:18:62:Infinity":17,"s:64:4:73:Infinity":18,"s:76:4:76:Infinity":19,"s:77:4:77:Infinity":20,"f:82:22:82:27":1,"s:83:2:139:Infinity":21,"s:84:20:84:Infinity":22,"b:86:4:88:Infinity:undefined:undefined:undefined:undefined":7,"s:86:4:88:Infinity":23,"s:87:6:87:Infinity":24,"s:90:17:90:Infinity":25,"s:91:19:91:Infinity":26,"b:93:4:98:Infinity:undefined:undefined:undefined:undefined":8,"s:93:4:98:Infinity":27,"s:94:6:97:Infinity":28,"s:100:19:100:Infinity":29,"s:102:17:113:Infinity":30,"b:107:39:107:71:107:71:107:Infinity":9,"s:115:26:115:Infinity":31,"s:117:3:129:Infinity":32,"s:132:4:132:Infinity":33,"s:134:4:134:Infinity":34,"s:137:4:137:Infinity":35,"s:138:4:138:Infinity":36}}}
,"C:\\Users\\HP\\Desktop\\Traning\\training-materials\\src\\lib\\timeAgo.ts": {"path":"C:\\Users\\HP\\Desktop\\Traning\\training-materials\\src\\lib\\timeAgo.ts","statementMap":{"0":{"start":{"line":2,"column":14},"end":{"line":2,"column":null}},"1":{"start":{"line":3,"column":15},"end":{"line":3,"column":null}},"2":{"start":{"line":4,"column":18},"end":{"line":4,"column":null}},"3":{"start":{"line":6,"column":2},"end":{"line":6,"column":null}},"4":{"start":{"line":6,"column":19},"end":{"line":6,"column":null}},"5":{"start":{"line":7,"column":2},"end":{"line":7,"column":null}},"6":{"start":{"line":7,"column":20},"end":{"line":7,"column":null}},"7":{"start":{"line":9,"column":14},"end":{"line":9,"column":null}},"8":{"start":{"line":10,"column":2},"end":{"line":10,"column":null}},"9":{"start":{"line":10,"column":16},"end":{"line":10,"column":null}},"10":{"start":{"line":12,"column":13},"end":{"line":12,"column":null}},"11":{"start":{"line":13,"column":2},"end":{"line":13,"column":null}},"12":{"start":{"line":13,"column":15},"end":{"line":13,"column":null}},"13":{"start":{"line":15,"column":15},"end":{"line":15,"column":null}},"14":{"start":{"line":16,"column":2},"end":{"line":16,"column":null}},"15":{"start":{"line":16,"column":18},"end":{"line":16,"column":null}},"16":{"start":{"line":18,"column":2},"end":{"line":18,"column":null}}},"fnMap":{"0":{"name":"timeAgo","decl":{"start":{"line":1,"column":16},"end":{"line":1,"column":24}},"loc":{"start":{"line":1,"column":45},"end":{"line":19,"column":null}},"line":1}},"branchMap":{"0":{"loc":{"start":{"line":6,"column":2},"end":{"line":6,"column":null}},"type":"if","locations":[{"start":{"line":6,"column":2},"end":{"line":6,"column":null}},{"start":{},"end":{}}],"line":6},"1":{"loc":{"start":{"line":7,"column":2},"end":{"line":7,"column":null}},"type":"if","locations":[{"start":{"line":7,"column":2},"end":{"line":7,"column":null}},{"start":{},"end":{}}],"line":7},"2":{"loc":{"start":{"line":10,"column":2},"end":{"line":10,"column":null}},"type":"if","locations":[{"start":{"line":10,"column":2},"end":{"line":10,"column":null}},{"start":{},"end":{}}],"line":10},"3":{"loc":{"start":{"line":13,"column":2},"end":{"line":13,"column":null}},"type":"if","locations":[{"start":{"line":13,"column":2},"end":{"line":13,"column":null}},{"start":{},"end":{}}],"line":13},"4":{"loc":{"start":{"line":16,"column":2},"end":{"line":16,"column":null}},"type":"if","locations":[{"start":{"line":16,"column":2},"end":{"line":16,"column":null}},{"start":{},"end":{}}],"line":16}},"s":{"0":1,"1":1,"2":1,"3":1,"4":1,"5":0,"6":0,"7":0,"8":0,"9":0,"10":0,"11":0,"12":0,"13":0,"14":0,"15":0,"16":0},"f":{"0":1},"b":{"0":[1,0],"1":[0,0],"2":[0,0],"3":[0,0],"4":[0,0]},"meta":{"lastBranch":5,"lastFunction":1,"lastStatement":17,"seen":{"f:1:16:1:24":0,"s:2:14:2:Infinity":0,"s:3:15:3:Infinity":1,"s:4:18:4:Infinity":2,"b:6:2:6:Infinity:undefined:undefined:undefined:undefined":0,"s:6:2:6:Infinity":3,"s:6:19:6:Infinity":4,"b:7:2:7:Infinity:undefined:undefined:undefined:undefined":1,"s:7:2:7:Infinity":5,"s:7:20:7:Infinity":6,"s:9:14:9:Infinity":7,"b:10:2:10:Infinity:undefined:undefined:undefined:undefined":2,"s:10:2:10:Infinity":8,"s:10:16:10:Infinity":9,"s:12:13:12:Infinity":10,"b:13:2:13:Infinity:undefined:undefined:undefined:undefined":3,"s:13:2:13:Infinity":11,"s:13:15:13:Infinity":12,"s:15:15:15:Infinity":13,"b:16:2:16:Infinity:undefined:undefined:undefined:undefined":4,"s:16:2:16:Infinity":14,"s:16:18:16:Infinity":15,"s:18:2:18:Infinity":16}}}
}
